{"/Users/gengxiao/job/mixin/project/esempio/auottest/demo/demo1/index.js":{"path":"/Users/gengxiao/job/mixin/project/esempio/auottest/demo/demo1/index.js","s":{"1":1,"2":0,"3":1},"b":{},"f":{"1":0},"fnMap":{"1":{"name":"hello","line":3,"loc":{"start":{"line":3,"column":0},"end":{"line":3,"column":17}}}},"statementMap":{"1":{"start":{"line":3,"column":0},"end":{"line":5,"column":1}},"2":{"start":{"line":4,"column":4},"end":{"line":4,"column":23}},"3":{"start":{"line":7,"column":0},"end":{"line":7,"column":23}}},"branchMap":{}}}