{"/Users/gengxiao/job/mixin/project/esempio/auottest/istanbul/sqrt.js":{"path":"/Users/gengxiao/job/mixin/project/esempio/auottest/istanbul/sqrt.js","s":{"1":1,"2":3,"3":1,"4":2,"5":1,"6":1,"7":1},"b":{"1":[1,2],"2":[1,1]},"f":{"1":3},"fnMap":{"1":{"name":"(anonymous_1)","line":2,"loc":{"start":{"line":2,"column":10},"end":{"line":2,"column":23}}}},"statementMap":{"1":{"start":{"line":1,"column":0},"end":{"line":12,"column":2}},"2":{"start":{"line":3,"column":8},"end":{"line":10,"column":9}},"3":{"start":{"line":4,"column":12},"end":{"line":4,"column":39}},"4":{"start":{"line":5,"column":15},"end":{"line":10,"column":9}},"5":{"start":{"line":7,"column":12},"end":{"line":7,"column":21}},"6":{"start":{"line":9,"column":12},"end":{"line":9,"column":45}},"7":{"start":{"line":14,"column":0},"end":{"line":14,"column":20}}},"branchMap":{"1":{"line":3,"type":"if","locations":[{"start":{"line":3,"column":8},"end":{"line":3,"column":8}},{"start":{"line":3,"column":8},"end":{"line":3,"column":8}}]},"2":{"line":5,"type":"if","locations":[{"start":{"line":5,"column":15},"end":{"line":5,"column":15}},{"start":{"line":5,"column":15},"end":{"line":5,"column":15}}]}}}}